<?xml version="1.0" encoding="UTF-8"?>
<testng-results ignored="0" total="6" passed="6" failed="0" skipped="0">
  <reporter-output>
  </reporter-output>
  <suite started-at="2024-05-27T17:06:34 PDT" name="Surefire suite" finished-at="2024-05-27T17:06:45 PDT" duration-ms="11266">
    <groups>
      <group name="cucumber">
        <method signature="AbstractTestNGCucumberTests.runScenario(io.cucumber.testng.PickleWrapper,io.cucumber.testng.FeatureWrapper)[pri:0, instance:parallel.MyTestRunners@be64738]" name="runScenario" class="io.cucumber.testng.AbstractTestNGCucumberTests"/>
      </group> <!-- cucumber -->
    </groups>
    <test started-at="2024-05-27T17:06:34 PDT" name="Surefire test" finished-at="2024-05-27T17:06:45 PDT" duration-ms="11266">
      <class name="parallel.MyTestRunners">
        <test-method is-config="true" signature="setUpClass()[pri:0, instance:parallel.MyTestRunners@be64738]" started-at="2024-05-27T17:06:34 PDT" name="setUpClass" finished-at="2024-05-27T17:06:34 PDT" duration-ms="361" status="PASS">
          <reporter-output>
          </reporter-output>
        </test-method> <!-- setUpClass -->
        <test-method signature="runScenario(io.cucumber.testng.PickleWrapper,io.cucumber.testng.FeatureWrapper)[pri:0, instance:parallel.MyTestRunners@be64738]" started-at="2024-05-27T17:06:34 PDT" name="runScenario" description="Runs Cucumber Scenarios" data-provider="scenarios" finished-at="2024-05-27T17:06:39 PDT" duration-ms="4462" status="PASS">
          <params>
            <param index="0">
              <value>
                <![CDATA["Failed sceanrio"]]>
              </value>
            </param>
            <param index="1">
              <value>
                <![CDATA["Optional[To check failed scenario]"]]>
              </value>
            </param>
          </params>
          <reporter-output>
          </reporter-output>
        </test-method> <!-- runScenario -->
        <test-method signature="runScenario(io.cucumber.testng.PickleWrapper,io.cucumber.testng.FeatureWrapper)[pri:0, instance:parallel.MyTestRunners@be64738]" started-at="2024-05-27T17:06:34 PDT" name="runScenario" description="Runs Cucumber Scenarios" data-provider="scenarios" finished-at="2024-05-27T17:06:41 PDT" duration-ms="7120" status="PASS">
          <params>
            <param index="0">
              <value>
                <![CDATA["Login page title"]]>
              </value>
            </param>
            <param index="1">
              <value>
                <![CDATA["Optional[Login page feature]"]]>
              </value>
            </param>
          </params>
          <reporter-output>
          </reporter-output>
        </test-method> <!-- runScenario -->
        <test-method signature="runScenario(io.cucumber.testng.PickleWrapper,io.cucumber.testng.FeatureWrapper)[pri:0, instance:parallel.MyTestRunners@be64738]" started-at="2024-05-27T17:06:34 PDT" name="runScenario" description="Runs Cucumber Scenarios" data-provider="scenarios" finished-at="2024-05-27T17:06:43 PDT" duration-ms="9110" status="PASS">
          <params>
            <param index="0">
              <value>
                <![CDATA["Login with correct credentials"]]>
              </value>
            </param>
            <param index="1">
              <value>
                <![CDATA["Optional[Login page feature]"]]>
              </value>
            </param>
          </params>
          <reporter-output>
          </reporter-output>
        </test-method> <!-- runScenario -->
        <test-method signature="runScenario(io.cucumber.testng.PickleWrapper,io.cucumber.testng.FeatureWrapper)[pri:0, instance:parallel.MyTestRunners@be64738]" started-at="2024-05-27T17:06:34 PDT" name="runScenario" description="Runs Cucumber Scenarios" data-provider="scenarios" finished-at="2024-05-27T17:06:43 PDT" duration-ms="9138" status="PASS">
          <params>
            <param index="0">
              <value>
                <![CDATA["Dashboard section count"]]>
              </value>
            </param>
            <param index="1">
              <value>
                <![CDATA["Optional[Dash Board Freature]"]]>
              </value>
            </param>
          </params>
          <reporter-output>
          </reporter-output>
        </test-method> <!-- runScenario -->
        <test-method signature="runScenario(io.cucumber.testng.PickleWrapper,io.cucumber.testng.FeatureWrapper)[pri:0, instance:parallel.MyTestRunners@be64738]" started-at="2024-05-27T17:06:34 PDT" name="runScenario" description="Runs Cucumber Scenarios" data-provider="scenarios" finished-at="2024-05-27T17:06:43 PDT" duration-ms="9185" status="PASS">
          <params>
            <param index="0">
              <value>
                <![CDATA["Accounts page title"]]>
              </value>
            </param>
            <param index="1">
              <value>
                <![CDATA["Optional[Dash Board Freature]"]]>
              </value>
            </param>
          </params>
          <reporter-output>
          </reporter-output>
        </test-method> <!-- runScenario -->
        <test-method signature="runScenario(io.cucumber.testng.PickleWrapper,io.cucumber.testng.FeatureWrapper)[pri:0, instance:parallel.MyTestRunners@be64738]" started-at="2024-05-27T17:06:34 PDT" name="runScenario" description="Runs Cucumber Scenarios" data-provider="scenarios" finished-at="2024-05-27T17:06:40 PDT" duration-ms="5797" status="PASS">
          <params>
            <param index="0">
              <value>
                <![CDATA["Forget password link"]]>
              </value>
            </param>
            <param index="1">
              <value>
                <![CDATA["Optional[Login page feature]"]]>
              </value>
            </param>
          </params>
          <reporter-output>
          </reporter-output>
        </test-method> <!-- runScenario -->
        <test-method is-config="true" signature="tearDownClass()[pri:0, instance:parallel.MyTestRunners@be64738]" started-at="2024-05-27T17:06:43 PDT" name="tearDownClass" finished-at="2024-05-27T17:06:45 PDT" duration-ms="1690" status="PASS">
          <reporter-output>
          </reporter-output>
        </test-method> <!-- tearDownClass -->
      </class> <!-- parallel.MyTestRunners -->
    </test> <!-- Surefire test -->
  </suite> <!-- Surefire suite -->
</testng-results>
