<?xml version="1.0" encoding="UTF-8"?>
<testsuite xmlns:xsi="http://www.w3.org/2001/XMLSchema-instance" xsi:noNamespaceSchemaLocation="https://maven.apache.org/surefire/maven-surefire-plugin/xsd/surefire-test-report-3.0.xsd" version="3.0" name="parallel.MyTestRunners" time="12.221" tests="5" errors="0" skipped="0" failures="0">
  <properties>
[...]
</properties>
  <testcase name="runScenario[&quot;Login page title&quot;, &quot;Optional[Login page feature]&quot;](1)" classname="parallel.MyTestRunners" time="7.385">
    <system-out><![CDATA[
Scenario: Forget password link                        &amp#27;[90m# src/test/resources/parallel/LoginPage.feature:7&amp#27;[0m

Scenario: Login page title                                    &amp#27;[90m# src/test/resources/parallel/LoginPage.feature:2&amp#27;[0m

Scenario: Dashboard section count                 &amp#27;[90m# src/test/resources/parallel/DashBoardPage.feature:12&amp#27;[0m

Scenario: Login with correct credentials        &amp#27;[90m# src/test/resources/parallel/LoginPage.feature:11&amp#27;[0m

Scenario: Accounts page title                     &amp#27;[90m# src/test/resources/parallel/DashBoardPage.feature:7&amp#27;[0m
Log in with admin =admin
Log in with admin =admin
  &amp#27;[32mGiven &amp#27;[0m&amp#27;[32muser is on login page&amp#27;[0m                                 &amp#27;[90m# parallel.LoginPageSteps.user_is_on_login_page()&amp#27;[0m
Login page title is POSNIC - Login to Control Panel
  &amp#27;[32mWhen &amp#27;[0m&amp#27;[32muser gets the title of the page&amp#27;[0m                        &amp#27;[90m# parallel.LoginPageSteps.user_gets_the_title_of_the_page()&amp#27;[0m
  &amp#27;[32mThen &amp#27;[0m&amp#27;[32mpage title should be &amp#27;[0m&amp#27;[32m&amp#27;[1m"POSNIC - Login to Control Panel"&amp#27;[0m &amp#27;[90m# parallel.LoginPageSteps.page_title_should_be(java.lang.String)&amp#27;[0m
]]></system-out>
    <system-err><![CDATA[SLF4J: Failed to load class "org.slf4j.impl.StaticLoggerBinder".
SLF4J: Defaulting to no-operation (NOP) logger implementation
SLF4J: See http://www.slf4j.org/codes.html#StaticLoggerBinder for further details.
]]></system-err>
  </testcase>
  <testcase name="runScenario[&quot;Forget password link&quot;, &quot;Optional[Login page feature]&quot;](2)" classname="parallel.MyTestRunners" time="8.172">
    <system-out><![CDATA[  &amp#27;[32mGiven &amp#27;[0m&amp#27;[32muser is on login page&amp#27;[0m                   &amp#27;[90m# parallel.LoginPageSteps.user_is_on_login_page()&amp#27;[0m
  &amp#27;[32mWhen &amp#27;[0m&amp#27;[32muser enters username &amp#27;[0m&amp#27;[32m&amp#27;[1m"admin"&amp#27;[0m             &amp#27;[90m# parallel.LoginPageSteps.user_enters_username(java.lang.String)&amp#27;[0m
  &amp#27;[32mAnd &amp#27;[0m&amp#27;[32muser enters password &amp#27;[0m&amp#27;[32m&amp#27;[1m"admin"&amp#27;[0m              &amp#27;[90m# parallel.LoginPageSteps.user_enters_password(java.lang.String)&amp#27;[0m
  &amp#27;[32mGiven &amp#27;[0m&amp#27;[32muser is on login page&amp#27;[0m                         &amp#27;[90m# parallel.LoginPageSteps.user_is_on_login_page()&amp#27;[0m
  &amp#27;[32mThen &amp#27;[0m&amp#27;[32mforgot your password link should  be displayed&amp#27;[0m &amp#27;[90m# parallel.LoginPageSteps.forgot_your_password_link_should_be_displayed()&amp#27;[0m
]]></system-out>
  </testcase>
  <testcase name="runScenario[&quot;Accounts page title&quot;, &quot;Optional[Dash Board Freature]&quot;](3)" classname="parallel.MyTestRunners" time="9.104">
    <system-out><![CDATA[  &amp#27;[32mGiven &amp#27;[0m&amp#27;[32muser has already logged in to application&amp#27;[0m &amp#27;[90m# parallel.DashBoardPageSteps.user_has_already_logged_in_to_application(io.cucumber.datatable.DataTable)&amp#27;[0m
Page title is POSNIC - Dashboard
  &amp#27;[32mGiven &amp#27;[0m&amp#27;[32muser is on Dashboard page&amp#27;[0m                 &amp#27;[90m# parallel.DashBoardPageSteps.user_is_on_dashboard_page()&amp#27;[0m
Login page title is POSNIC - Dashboard
  &amp#27;[32mWhen &amp#27;[0m&amp#27;[32muser gets the title of the page&amp#27;[0m            &amp#27;[90m# parallel.LoginPageSteps.user_gets_the_title_of_the_page()&amp#27;[0m
  &amp#27;[32mThen &amp#27;[0m&amp#27;[32mpage title should be &amp#27;[0m&amp#27;[32m&amp#27;[1m"POSNIC - Dashboard"&amp#27;[0m  &amp#27;[90m# parallel.LoginPageSteps.page_title_should_be(java.lang.String)&amp#27;[0m
  &amp#27;[32mGiven &amp#27;[0m&amp#27;[32muser has already logged in to application&amp#27;[0m &amp#27;[90m# parallel.DashBoardPageSteps.user_has_already_logged_in_to_application(io.cucumber.datatable.DataTable)&amp#27;[0m
Page title is POSNIC - Dashboard
  &amp#27;[32mGiven &amp#27;[0m&amp#27;[32muser is on Dashboard page&amp#27;[0m                 &amp#27;[90m# parallel.DashBoardPageSteps.user_is_on_dashboard_page()&amp#27;[0m
Expected lsit[Dashboard, Sales, Customers, Purchase, Supplier, Stocks / Products, Payments / Outstandings, Reports]
Dashboard
Sales
]]></system-out>
  </testcase>
  <testcase name="runScenario[&quot;Dashboard section count&quot;, &quot;Optional[Dash Board Freature]&quot;](4)" classname="parallel.MyTestRunners" time="9.444">
    <system-out><![CDATA[Customers
Purchase
Supplier
Stocks / Products
Payments / Outstandings
Reports
  &amp#27;[32mThen &amp#27;[0m&amp#27;[32muser gets dashboard section&amp#27;[0m                &amp#27;[90m# parallel.DashBoardPageSteps.user_gets_dashboard_section(io.cucumber.datatable.DataTable)&amp#27;[0m
  &amp#27;[32mAnd &amp#27;[0m&amp#27;[32mDashboard section count should be &amp#27;[0m&amp#27;[32m&amp#27;[1m8&amp#27;[0m         &amp#27;[90m# parallel.DashBoardPageSteps.dashboard_section_count_should_be(java.lang.Integer)&amp#27;[0m
]]></system-out>
  </testcase>
  <testcase name="runScenario[&quot;Login with correct credentials&quot;, &quot;Optional[Login page feature]&quot;](5)" classname="parallel.MyTestRunners" time="9.799">
    <system-out><![CDATA[  &amp#27;[32mAnd &amp#27;[0m&amp#27;[32muser clicks in Login button&amp#27;[0m               &amp#27;[90m# parallel.LoginPageSteps.user_clicks_in_login_button()&amp#27;[0m
Login page title is POSNIC - Dashboard
  &amp#27;[32mThen &amp#27;[0m&amp#27;[32muser gets the title of the page&amp#27;[0m          &amp#27;[90m# parallel.LoginPageSteps.user_gets_the_title_of_the_page()&amp#27;[0m
  &amp#27;[32mAnd &amp#27;[0m&amp#27;[32mpage title should be &amp#27;[0m&amp#27;[32m&amp#27;[1m"POSNIC - Dashboard"&amp#27;[0m &amp#27;[90m# parallel.LoginPageSteps.page_title_should_be(java.lang.String)&amp#27;[0m
]]></system-out>
  </testcase>
</testsuite>