<?xml version="1.0" encoding="UTF-8"?>
<testng-results ignored="0" total="6" passed="6" failed="0" skipped="0">
  <reporter-output>
  </reporter-output>
  <suite started-at="2024-05-15T18:16:50 IST" name="Surefire suite" finished-at="2024-05-15T18:17:06 IST" duration-ms="15906">
    <groups>
      <group name="cucumber">
        <method signature="AbstractTestNGCucumberTests.runScenario(io.cucumber.testng.PickleWrapper,io.cucumber.testng.FeatureWrapper)[pri:0, instance:parallel.MyTestRunners@30ee2816]" name="runScenario" class="io.cucumber.testng.AbstractTestNGCucumberTests"/>
      </group> <!-- cucumber -->
    </groups>
    <test started-at="2024-05-15T18:16:50 IST" name="Surefire test" finished-at="2024-05-15T18:17:06 IST" duration-ms="15906">
      <class name="parallel.MyTestRunners">
        <test-method is-config="true" signature="setUpClass()[pri:0, instance:parallel.MyTestRunners@30ee2816]" started-at="2024-05-15T18:16:50 IST" name="setUpClass" finished-at="2024-05-15T18:16:50 IST" duration-ms="387" status="PASS">
          <reporter-output>
          </reporter-output>
        </test-method> <!-- setUpClass -->
        <test-method signature="runScenario(io.cucumber.testng.PickleWrapper,io.cucumber.testng.FeatureWrapper)[pri:0, instance:parallel.MyTestRunners@30ee2816]" started-at="2024-05-15T18:16:50 IST" name="runScenario" description="Runs Cucumber Scenarios" data-provider="scenarios" finished-at="2024-05-15T18:16:58 IST" duration-ms="7974" status="PASS">
          <params>
            <param index="0">
              <value>
                <![CDATA["Forget password link"]]>
              </value>
            </param>
            <param index="1">
              <value>
                <![CDATA["Optional[Login page feature]"]]>
              </value>
            </param>
          </params>
          <reporter-output>
          </reporter-output>
        </test-method> <!-- runScenario -->
        <test-method signature="runScenario(io.cucumber.testng.PickleWrapper,io.cucumber.testng.FeatureWrapper)[pri:0, instance:parallel.MyTestRunners@30ee2816]" started-at="2024-05-15T18:16:50 IST" name="runScenario" description="Runs Cucumber Scenarios" data-provider="scenarios" finished-at="2024-05-15T18:17:02 IST" duration-ms="11818" status="PASS">
          <params>
            <param index="0">
              <value>
                <![CDATA["Dashboard section count"]]>
              </value>
            </param>
            <param index="1">
              <value>
                <![CDATA["Optional[Dash Board Freature]"]]>
              </value>
            </param>
          </params>
          <reporter-output>
          </reporter-output>
        </test-method> <!-- runScenario -->
        <test-method signature="runScenario(io.cucumber.testng.PickleWrapper,io.cucumber.testng.FeatureWrapper)[pri:0, instance:parallel.MyTestRunners@30ee2816]" started-at="2024-05-15T18:16:50 IST" name="runScenario" description="Runs Cucumber Scenarios" data-provider="scenarios" finished-at="2024-05-15T18:17:04 IST" duration-ms="13784" status="PASS">
          <params>
            <param index="0">
              <value>
                <![CDATA["Login with correct credentials"]]>
              </value>
            </param>
            <param index="1">
              <value>
                <![CDATA["Optional[Login page feature]"]]>
              </value>
            </param>
          </params>
          <reporter-output>
          </reporter-output>
        </test-method> <!-- runScenario -->
        <test-method signature="runScenario(io.cucumber.testng.PickleWrapper,io.cucumber.testng.FeatureWrapper)[pri:0, instance:parallel.MyTestRunners@30ee2816]" started-at="2024-05-15T18:16:50 IST" name="runScenario" description="Runs Cucumber Scenarios" data-provider="scenarios" finished-at="2024-05-15T18:17:00 IST" duration-ms="10138" status="PASS">
          <params>
            <param index="0">
              <value>
                <![CDATA["Login page title"]]>
              </value>
            </param>
            <param index="1">
              <value>
                <![CDATA["Optional[Login page feature]"]]>
              </value>
            </param>
          </params>
          <reporter-output>
          </reporter-output>
        </test-method> <!-- runScenario -->
        <test-method signature="runScenario(io.cucumber.testng.PickleWrapper,io.cucumber.testng.FeatureWrapper)[pri:0, instance:parallel.MyTestRunners@30ee2816]" started-at="2024-05-15T18:16:50 IST" name="runScenario" description="Runs Cucumber Scenarios" data-provider="scenarios" finished-at="2024-05-15T18:17:02 IST" duration-ms="12159" status="PASS">
          <params>
            <param index="0">
              <value>
                <![CDATA["Accounts page title"]]>
              </value>
            </param>
            <param index="1">
              <value>
                <![CDATA["Optional[Dash Board Freature]"]]>
              </value>
            </param>
          </params>
          <reporter-output>
          </reporter-output>
        </test-method> <!-- runScenario -->
        <test-method signature="runScenario(io.cucumber.testng.PickleWrapper,io.cucumber.testng.FeatureWrapper)[pri:0, instance:parallel.MyTestRunners@30ee2816]" started-at="2024-05-15T18:16:50 IST" name="runScenario" description="Runs Cucumber Scenarios" data-provider="scenarios" finished-at="2024-05-15T18:16:55 IST" duration-ms="5240" status="PASS">
          <params>
            <param index="0">
              <value>
                <![CDATA["Failed sceanrio"]]>
              </value>
            </param>
            <param index="1">
              <value>
                <![CDATA["Optional[To check failed scenario]"]]>
              </value>
            </param>
          </params>
          <reporter-output>
          </reporter-output>
        </test-method> <!-- runScenario -->
        <test-method is-config="true" signature="tearDownClass()[pri:0, instance:parallel.MyTestRunners@30ee2816]" started-at="2024-05-15T18:17:04 IST" name="tearDownClass" finished-at="2024-05-15T18:17:06 IST" duration-ms="1707" status="PASS">
          <reporter-output>
          </reporter-output>
        </test-method> <!-- tearDownClass -->
      </class> <!-- parallel.MyTestRunners -->
    </test> <!-- Surefire test -->
  </suite> <!-- Surefire suite -->
</testng-results>
